2021-05-14 01:48:40,591 INFO  [log] 
2021-05-14 01:53:02,079 INFO  [log] 
2021-05-14 02:19:22,489 INFO  [log] Hello World
2021-05-14 02:21:36,170 INFO  [log] 
2021-05-14 02:21:36,171 INFO  [log] Hello World
2021-05-14 02:22:37,580 INFO  [log] 
2021-05-14 02:22:37,581 INFO  [log] Hello World
2021-05-14 02:24:23,491 INFO  [log] jdbcvalue
2021-05-14 02:24:23,492 INFO  [log] Hello World
2021-05-14 02:27:09,666 INFO  [log] jdbcvalue is: 
2021-05-14 02:27:09,667 INFO  [log] Hello World
2021-05-14 02:31:07,465 INFO  [log] jdbcvalue is: 
2021-05-14 16:55:46,531 INFO  [log] SKU00020
2021-05-14 16:55:46,533 INFO  [log] 10
2021-05-14 16:55:46,535 INFO  [log] 12
2021-05-14 16:55:46,540 INFO  [log] 200
2021-05-14 16:55:48,744 INFO  [log] SKU00025
2021-05-14 16:55:48,745 INFO  [log] 20
2021-05-14 16:55:48,745 INFO  [log] 25
2021-05-14 16:55:48,746 INFO  [log] 500
2021-05-14 16:58:19,625 INFO  [log] SKU00020
2021-05-14 16:58:19,626 INFO  [log] 10
2021-05-14 16:58:19,628 INFO  [log] 12
2021-05-14 16:58:19,632 INFO  [log] 200
2021-05-14 16:58:22,301 INFO  [log] SKU00025
2021-05-14 16:58:22,304 INFO  [log] 20
2021-05-14 16:58:22,305 INFO  [log] 25
2021-05-14 16:58:22,305 INFO  [log] 500
2021-05-17 12:30:58,274 INFO  [log] jdbcvalue is: 
2021-05-17 12:43:50,641 INFO  [log] jdbcvalue is: 
2021-05-17 12:48:34,788 INFO  [log] jdbcvalue is: <Results>
    <ResultSet fetchSize="0">
        <Row rowNumber="1">
            <SALESORDER.SKU>SKU00020</SALESORDER.SKU>
            <SALESORDER.PRODUCTID>10</SALESORDER.PRODUCTID>
            <SALESORDER.QTYORDERED>12</SALESORDER.QTYORDERED>
            <SALESORDER.PRICE>200</SALESORDER.PRICE>
        </Row>
        <Row rowNumber="2">
            <SALESORDER.SKU>SKU00025</SALESORDER.SKU>
            <SALESORDER.PRODUCTID>20</SALESORDER.PRODUCTID>
            <SALESORDER.QTYORDERED>25</SALESORDER.QTYORDERED>
            <SALESORDER.PRICE>500</SALESORDER.PRICE>
        </Row>
    </ResultSet>
</Results>

2021-05-17 12:48:34,874 INFO  [log] nodeCount2
2021-05-17 12:48:34,875 INFO  [log] Hello World
2021-05-17 12:48:37,049 INFO  [log] FINISHED
2021-05-17 12:48:37,053 INFO  [log] 2104
2021-05-17 12:48:37,090 INFO  [log] 4
2021-05-17 12:48:39,264 INFO  [log] FINISHED
2021-05-17 12:48:39,283 INFO  [log] 2119
2021-05-17 12:48:39,289 INFO  [log] 4
2021-05-17 13:23:56,369 INFO  [log] jdbcvalue is: <Results>
    <ResultSet fetchSize="0">
        <Row rowNumber="1">
            <SALESORDER.SKU>SKU00020</SALESORDER.SKU>
            <SALESORDER.PRODUCTID>10</SALESORDER.PRODUCTID>
            <SALESORDER.QTYORDERED>12</SALESORDER.QTYORDERED>
            <SALESORDER.PRICE>200</SALESORDER.PRICE>
        </Row>
        <Row rowNumber="2">
            <SALESORDER.SKU>SKU00025</SALESORDER.SKU>
            <SALESORDER.PRODUCTID>20</SALESORDER.PRODUCTID>
            <SALESORDER.QTYORDERED>25</SALESORDER.QTYORDERED>
            <SALESORDER.PRICE>500</SALESORDER.PRICE>
        </Row>
    </ResultSet>
</Results>

2021-05-17 13:23:56,432 INFO  [log] nodeCount2
2021-05-17 13:23:56,433 INFO  [log] Hello World
2021-05-17 13:24:52,420 INFO  [log] FAILED
2021-05-17 13:24:52,422 INFO  [log] 55896
2021-05-17 13:24:52,437 INFO  [log] 5
2021-05-17 13:26:11,982 INFO  [log] FINISHED
2021-05-17 13:26:11,989 INFO  [log] 79505
2021-05-17 13:26:11,991 INFO  [log] 5
2021-05-17 13:29:25,873 INFO  [log] jdbcvalue is: <Results>
    <ResultSet fetchSize="0">
        <Row rowNumber="1">
            <SALESORDER.SKU>SKU00020</SALESORDER.SKU>
            <SALESORDER.PRODUCTID>10</SALESORDER.PRODUCTID>
            <SALESORDER.QTYORDERED>12</SALESORDER.QTYORDERED>
            <SALESORDER.PRICE>200</SALESORDER.PRICE>
        </Row>
        <Row rowNumber="2">
            <SALESORDER.SKU>SKU00025</SALESORDER.SKU>
            <SALESORDER.PRODUCTID>20</SALESORDER.PRODUCTID>
            <SALESORDER.QTYORDERED>25</SALESORDER.QTYORDERED>
            <SALESORDER.PRICE>500</SALESORDER.PRICE>
        </Row>
    </ResultSet>
</Results>

2021-05-17 13:29:25,906 INFO  [log] nodeCount2
2021-05-17 13:29:25,907 INFO  [log] Hello World
2021-05-17 13:30:26,182 INFO  [log] FAILED
2021-05-17 13:30:26,182 INFO  [log] 60204
2021-05-17 13:30:26,198 INFO  [log] 4
2021-05-17 13:30:26,601 INFO  [log] FAILED
2021-05-17 13:30:26,601 INFO  [log] 345
2021-05-17 13:30:26,606 INFO  [log] 2
2021-05-17 13:32:38,178 INFO  [log] jdbcvalue is: <Results>
    <ResultSet fetchSize="0">
        <Row rowNumber="1">
            <SALESORDER.SKU>SKU00020</SALESORDER.SKU>
            <SALESORDER.PRODUCTID>10</SALESORDER.PRODUCTID>
            <SALESORDER.QTYORDERED>12</SALESORDER.QTYORDERED>
            <SALESORDER.PRICE>200</SALESORDER.PRICE>
        </Row>
        <Row rowNumber="2">
            <SALESORDER.SKU>SKU00025</SALESORDER.SKU>
            <SALESORDER.PRODUCTID>20</SALESORDER.PRODUCTID>
            <SALESORDER.QTYORDERED>25</SALESORDER.QTYORDERED>
            <SALESORDER.PRICE>500</SALESORDER.PRICE>
        </Row>
    </ResultSet>
</Results>

2021-05-17 13:32:38,209 INFO  [log] nodeCount2
2021-05-17 13:32:38,210 INFO  [log] Hello World
2021-05-17 13:33:43,007 INFO  [log] FAILED
2021-05-17 13:33:43,007 INFO  [log] 64749
2021-05-17 13:33:43,013 INFO  [log] 4
2021-05-17 13:34:46,425 INFO  [log] FINISHED
2021-05-17 13:34:46,426 INFO  [log] 63390
2021-05-17 13:34:46,429 INFO  [log] 5
2021-05-17 13:37:22,817 INFO  [log] jdbcvalue is: <Results>
    <ResultSet fetchSize="0">
        <Row rowNumber="1">
            <SALESORDER.SKU>SKU00020</SALESORDER.SKU>
            <SALESORDER.PRODUCTID>10</SALESORDER.PRODUCTID>
            <SALESORDER.QTYORDERED>12</SALESORDER.QTYORDERED>
            <SALESORDER.PRICE>200</SALESORDER.PRICE>
        </Row>
        <Row rowNumber="2">
            <SALESORDER.SKU>SKU00025</SALESORDER.SKU>
            <SALESORDER.PRODUCTID>20</SALESORDER.PRODUCTID>
            <SALESORDER.QTYORDERED>25</SALESORDER.QTYORDERED>
            <SALESORDER.PRICE>500</SALESORDER.PRICE>
        </Row>
    </ResultSet>
</Results>

2021-05-17 13:37:22,879 INFO  [log] nodeCount2
2021-05-17 13:37:22,881 INFO  [log] Hello World
2021-05-17 13:37:24,999 INFO  [log] FINISHED
2021-05-17 13:37:24,999 INFO  [log] 2016
2021-05-17 13:37:25,008 INFO  [log] 4
2021-05-17 13:37:34,647 INFO  [log] FINISHED
2021-05-17 13:37:34,647 INFO  [log] 9616
2021-05-17 13:37:34,649 INFO  [log] 4
